2026-03-20 08:15:00.964 [main] INFO  com.td.web.TdWebApiApplication - Starting TdWebApiApplication using Java 25.0.1 with PID 11040 (D:\TD.WebAPI\td-webapi-java\td-web\target\classes started by Admin in D:\TD.WebAPI\td-webapi-java\td-web)
2026-03-20 08:15:00.968 [main] INFO  com.td.web.TdWebApiApplication - The following 1 profile is active: "dev"
2026-03-20 08:15:01.776 [main] INFO  o.s.d.r.c.RepositoryConfigurationDelegate - Multiple Spring Data modules found, entering strict repository configuration mode
2026-03-20 08:15:01.777 [main] INFO  o.s.d.r.c.RepositoryConfigurationDelegate - Bootstrapping Spring Data JPA repositories in DEFAULT mode.
2026-03-20 08:15:01.917 [main] INFO  o.s.d.r.c.RepositoryConfigurationDelegate - Finished Spring Data repository scanning in 132 ms. Found 8 JPA repository interfaces.
2026-03-20 08:15:02.217 [main] INFO  o.s.d.r.c.RepositoryConfigurationDelegate - Multiple Spring Data modules found, entering strict repository configuration mode
2026-03-20 08:15:02.217 [main] INFO  o.s.d.r.c.RepositoryConfigurationDelegate - Bootstrapping Spring Data Elasticsearch repositories in DEFAULT mode.
2026-03-20 08:15:02.225 [main] INFO  o.s.d.r.c.RepositoryConfigurationDelegate - Finished Spring Data repository scanning in 7 ms. Found 0 Elasticsearch repository interfaces.
2026-03-20 08:15:02.228 [main] INFO  o.s.d.r.c.RepositoryConfigurationDelegate - Multiple Spring Data modules found, entering strict repository configuration mode
2026-03-20 08:15:02.229 [main] INFO  o.s.d.r.c.RepositoryConfigurationDelegate - Bootstrapping Spring Data Reactive Elasticsearch repositories in DEFAULT mode.
2026-03-20 08:15:02.230 [main] INFO  o.s.d.r.c.RepositoryConfigurationDelegate - Finished Spring Data repository scanning in 1 ms. Found 0 Reactive Elasticsearch repository interfaces.
2026-03-20 08:15:02.237 [main] INFO  o.s.d.r.c.RepositoryConfigurationDelegate - Multiple Spring Data modules found, entering strict repository configuration mode
2026-03-20 08:15:02.238 [main] INFO  o.s.d.r.c.RepositoryConfigurationDelegate - Bootstrapping Spring Data Redis repositories in DEFAULT mode.
2026-03-20 08:15:02.245 [main] INFO  o.s.d.r.c.RepositoryConfigurationDelegate - Finished Spring Data repository scanning in 1 ms. Found 0 Redis repository interfaces.
2026-03-20 08:15:02.871 [main] INFO  o.s.b.w.e.tomcat.TomcatWebServer - Tomcat initialized with port 8080 (http)
2026-03-20 08:15:02.880 [main] INFO  o.a.catalina.core.StandardService - Starting service [Tomcat]
2026-03-20 08:15:02.880 [main] INFO  o.a.catalina.core.StandardEngine - Starting Servlet engine: [Apache Tomcat/10.1.16]
2026-03-20 08:15:02.931 [main] INFO  o.a.c.c.C.[Tomcat].[localhost].[/] - Initializing Spring embedded WebApplicationContext
2026-03-20 08:15:02.932 [main] INFO  o.s.b.w.s.c.ServletWebServerApplicationContext - Root WebApplicationContext: initialization completed in 1915 ms
2026-03-20 08:15:03.130 [main] INFO  com.zaxxer.hikari.HikariDataSource - HikariPool-1 - Starting...
2026-03-20 08:15:03.232 [main] INFO  com.zaxxer.hikari.pool.HikariPool - HikariPool-1 - Added connection org.postgresql.jdbc.PgConnection@aa23f11
2026-03-20 08:15:03.233 [main] INFO  com.zaxxer.hikari.HikariDataSource - HikariPool-1 - Start completed.
2026-03-20 08:15:03.279 [main] INFO  o.f.c.i.license.VersionPrinter - Flyway Community Edition 9.22.3 by Redgate
2026-03-20 08:15:03.280 [main] INFO  o.f.c.i.license.VersionPrinter - See release notes here: https://rd.gt/416ObMi
2026-03-20 08:15:03.280 [main] INFO  o.f.c.i.license.VersionPrinter - 
2026-03-20 08:15:03.289 [main] INFO  org.flywaydb.core.FlywayExecutor - Database: jdbc:postgresql://localhost:5432/tdwebapi (PostgreSQL 15.17)
2026-03-20 08:15:03.315 [main] INFO  o.f.c.i.s.JdbcTableSchemaHistory - Schema history table "public"."flyway_schema_history" does not exist yet
2026-03-20 08:15:03.318 [main] INFO  o.f.core.internal.command.DbValidate - Successfully validated 9 migrations (execution time 00:00.014s)
2026-03-20 08:15:03.330 [main] INFO  o.f.c.i.s.JdbcTableSchemaHistory - Creating Schema History table "public"."flyway_schema_history" ...
2026-03-20 08:15:03.371 [main] INFO  o.f.core.internal.command.DbMigrate - Current version of schema "public": << Empty Schema >>
2026-03-20 08:15:03.379 [main] INFO  o.f.core.internal.command.DbMigrate - Migrating schema "public" to version "1.0.1 - Create Initial Tables"
2026-03-20 08:15:03.495 [main] INFO  o.f.core.internal.command.DbMigrate - Migrating schema "public" to version "1.0.2 - Create File Metadata Tables"
2026-03-20 08:15:03.578 [main] INFO  o.f.core.internal.command.DbMigrate - Migrating schema "public" to version "1.0.3 - Create Documents Table"
2026-03-20 08:15:03.647 [main] INFO  o.f.core.internal.command.DbMigrate - Migrating schema "public" to version "1.0.4 - Create Workflow And Audit Tables"
2026-03-20 08:15:03.979 [main] INFO  o.f.core.internal.command.DbMigrate - Migrating schema "public" to version "1.0.5 - Seed Default Workflow Definitions"
2026-03-20 08:15:04.004 [main] INFO  o.f.core.internal.command.DbMigrate - Migrating schema "public" to version "1.0.6 - Add Document Id To File Metadata"
2026-03-20 08:15:04.026 [main] INFO  o.f.core.internal.command.DbMigrate - Migrating schema "public" to version "1.0.7 - Create Categories Table"
2026-03-20 08:15:04.102 [main] INFO  o.f.core.internal.command.DbMigrate - Migrating schema "public" to version "1.0.8 - Create Shared Core Tables"
2026-03-20 08:15:04.347 [main] INFO  o.f.core.internal.command.DbMigrate - Migrating schema "public" to version "1.0.9 - Add Organization Node Type"
2026-03-20 08:15:04.350 [main] INFO  o.f.c.i.s.DefaultSqlScriptExecutor - DB: constraint "ck_organizations_form" of relation "organizations" does not exist, skipping
2026-03-20 08:15:04.366 [main] INFO  o.f.core.internal.command.DbMigrate - Successfully applied 9 migrations to schema "public", now at version v1.0.9 (execution time 00:00.849s)
2026-03-20 08:15:04.431 [main] INFO  o.h.jpa.internal.util.LogHelper - HHH000204: Processing PersistenceUnitInfo [name: default]
2026-03-20 08:15:04.459 [main] INFO  org.hibernate.Version - HHH000412: Hibernate ORM core version 6.3.1.Final
2026-03-20 08:15:04.478 [main] INFO  o.h.c.i.RegionFactoryInitiator - HHH000026: Second-level cache disabled
2026-03-20 08:15:04.619 [main] INFO  o.s.o.j.p.SpringPersistenceUnitInfo - No LoadTimeWeaver setup: ignoring JPA class transformer
2026-03-20 08:15:04.647 [main] WARN  org.hibernate.orm.deprecation - HHH90000025: PostgreSQLDialect does not need to be specified explicitly using 'hibernate.dialect' (remove the property setting and it will be selected by default)
2026-03-20 08:15:05.267 [main] INFO  o.h.e.t.j.p.i.JtaPlatformInitiator - HHH000489: No JTA platform available (set 'hibernate.transaction.jta.platform' to enable JTA platform integration)
2026-03-20 08:15:05.280 [main] INFO  o.hibernate.orm.connections.access - HHH10001501: Connection obtained from JdbcConnectionAccess [org.hibernate.engine.jdbc.env.internal.JdbcEnvironmentInitiator$ConnectionProviderJdbcConnectionAccess@5ab2c5d8] for (non-JTA) DDL execution was not in auto-commit mode; the Connection 'local transaction' will be committed and the Connection will be set into auto-commit mode.
2026-03-20 08:15:05.304 [main] INFO  o.s.o.j.LocalContainerEntityManagerFactoryBean - Initialized JPA EntityManagerFactory for persistence unit 'default'
2026-03-20 08:15:05.567 [main] INFO  o.s.d.j.r.query.QueryEnhancerFactory - Hibernate is in classpath; If applicable, HQL parser will be used.
2026-03-20 08:15:07.422 [main] INFO  o.s.b.a.e.web.EndpointLinksResolver - Exposing 3 endpoint(s) beneath base path '/actuator'
2026-03-20 08:15:07.523 [main] INFO  o.s.s.web.DefaultSecurityFilterChain - Will secure any request with [org.springframework.security.web.session.DisableEncodeUrlFilter@562b6fb0, org.springframework.security.web.context.request.async.WebAsyncManagerIntegrationFilter@ebbe9f3, org.springframework.security.web.context.SecurityContextHolderFilter@50d0fb48, org.springframework.security.web.header.HeaderWriterFilter@3122a8af, org.springframework.web.filter.CorsFilter@187bb01c, org.springframework.security.web.authentication.logout.LogoutFilter@13d85ddb, org.springframework.security.oauth2.server.resource.web.authentication.BearerTokenAuthenticationFilter@59010c22, org.springframework.security.web.savedrequest.RequestCacheAwareFilter@10d0ca5a, org.springframework.security.web.servletapi.SecurityContextHolderAwareRequestFilter@225ad262, org.springframework.security.web.authentication.AnonymousAuthenticationFilter@2cf22f15, org.springframework.security.web.session.SessionManagementFilter@f9f151b, org.springframework.security.web.access.ExceptionTranslationFilter@2f95f72a, org.springframework.security.web.access.intercept.AuthorizationFilter@6ada0261]
2026-03-20 08:15:08.103 [main] INFO  o.s.b.w.e.tomcat.TomcatWebServer - Tomcat started on port 8080 (http) with context path ''
2026-03-20 08:15:08.112 [main] INFO  com.td.web.TdWebApiApplication - Started TdWebApiApplication in 7.548 seconds (process running for 7.829)
2026-03-20 08:15:47.272 [http-nio-8080-exec-1] INFO  o.a.c.c.C.[Tomcat].[localhost].[/] - Initializing Spring DispatcherServlet 'dispatcherServlet'
2026-03-20 08:15:47.273 [http-nio-8080-exec-1] INFO  o.s.web.servlet.DispatcherServlet - Initializing Servlet 'dispatcherServlet'
2026-03-20 08:15:47.275 [http-nio-8080-exec-1] INFO  o.s.web.servlet.DispatcherServlet - Completed initialization in 2 ms
2026-03-20 08:15:47.294 [http-nio-8080-exec-1] WARN  o.s.w.s.h.HandlerMappingIntrospector - Cache miss for REQUEST dispatch to '/actuator/health' (previous null). Performing MatchableHandlerMapping lookup. This is logged once only at WARN level, and every time at TRACE.
2026-03-20 08:17:17.428 [http-nio-8080-exec-9] INFO  o.s.api.AbstractOpenApiResource - Init duration for springdoc-openapi is: 421 ms
2026-03-20 09:13:43.486 [main] INFO  com.td.web.TdWebApiApplication - Starting TdWebApiApplication using Java 25.0.1 with PID 30432 (D:\TD.WebAPI\td-webapi-java\td-web\target\classes started by Admin in D:\TD.WebAPI\td-webapi-java\td-web)
2026-03-20 09:13:43.487 [main] INFO  com.td.web.TdWebApiApplication - The following 1 profile is active: "dev"
2026-03-20 09:13:44.005 [main] INFO  o.s.d.r.c.RepositoryConfigurationDelegate - Multiple Spring Data modules found, entering strict repository configuration mode
2026-03-20 09:13:44.005 [main] INFO  o.s.d.r.c.RepositoryConfigurationDelegate - Bootstrapping Spring Data JPA repositories in DEFAULT mode.
2026-03-20 09:13:44.092 [main] INFO  o.s.d.r.c.RepositoryConfigurationDelegate - Finished Spring Data repository scanning in 83 ms. Found 8 JPA repository interfaces.
2026-03-20 09:13:44.367 [main] INFO  o.s.d.r.c.RepositoryConfigurationDelegate - Multiple Spring Data modules found, entering strict repository configuration mode
2026-03-20 09:13:44.369 [main] INFO  o.s.d.r.c.RepositoryConfigurationDelegate - Bootstrapping Spring Data Elasticsearch repositories in DEFAULT mode.
2026-03-20 09:13:44.376 [main] INFO  o.s.d.r.c.RepositoryConfigurationDelegate - Finished Spring Data repository scanning in 7 ms. Found 0 Elasticsearch repository interfaces.
2026-03-20 09:13:44.379 [main] INFO  o.s.d.r.c.RepositoryConfigurationDelegate - Multiple Spring Data modules found, entering strict repository configuration mode
2026-03-20 09:13:44.379 [main] INFO  o.s.d.r.c.RepositoryConfigurationDelegate - Bootstrapping Spring Data Reactive Elasticsearch repositories in DEFAULT mode.
2026-03-20 09:13:44.381 [main] INFO  o.s.d.r.c.RepositoryConfigurationDelegate - Finished Spring Data repository scanning in 1 ms. Found 0 Reactive Elasticsearch repository interfaces.
2026-03-20 09:13:44.389 [main] INFO  o.s.d.r.c.RepositoryConfigurationDelegate - Multiple Spring Data modules found, entering strict repository configuration mode
2026-03-20 09:13:44.390 [main] INFO  o.s.d.r.c.RepositoryConfigurationDelegate - Bootstrapping Spring Data Redis repositories in DEFAULT mode.
2026-03-20 09:13:44.396 [main] INFO  o.s.d.r.c.RepositoryConfigurationDelegate - Finished Spring Data repository scanning in 1 ms. Found 0 Redis repository interfaces.
2026-03-20 09:13:44.965 [main] INFO  o.s.b.w.e.tomcat.TomcatWebServer - Tomcat initialized with port 8080 (http)
2026-03-20 09:13:44.971 [main] INFO  o.a.catalina.core.StandardService - Starting service [Tomcat]
2026-03-20 09:13:44.972 [main] INFO  o.a.catalina.core.StandardEngine - Starting Servlet engine: [Apache Tomcat/10.1.16]
2026-03-20 09:13:45.024 [main] INFO  o.a.c.c.C.[Tomcat].[localhost].[/] - Initializing Spring embedded WebApplicationContext
2026-03-20 09:13:45.025 [main] INFO  o.s.b.w.s.c.ServletWebServerApplicationContext - Root WebApplicationContext: initialization completed in 1506 ms
2026-03-20 09:13:45.226 [main] INFO  com.zaxxer.hikari.HikariDataSource - HikariPool-1 - Starting...
2026-03-20 09:13:45.331 [main] INFO  com.zaxxer.hikari.pool.HikariPool - HikariPool-1 - Added connection org.postgresql.jdbc.PgConnection@5ba63110
2026-03-20 09:13:45.332 [main] INFO  com.zaxxer.hikari.HikariDataSource - HikariPool-1 - Start completed.
2026-03-20 09:13:45.376 [main] INFO  o.f.c.i.license.VersionPrinter - Flyway Community Edition 9.22.3 by Redgate
2026-03-20 09:13:45.377 [main] INFO  o.f.c.i.license.VersionPrinter - See release notes here: https://rd.gt/416ObMi
2026-03-20 09:13:45.377 [main] INFO  o.f.c.i.license.VersionPrinter - 
2026-03-20 09:13:45.387 [main] INFO  org.flywaydb.core.FlywayExecutor - Database: jdbc:postgresql://localhost:5432/tdwebapi (PostgreSQL 15.17)
2026-03-20 09:13:45.423 [main] INFO  o.f.core.internal.command.DbValidate - Successfully validated 9 migrations (execution time 00:00.020s)
2026-03-20 09:13:45.451 [main] INFO  o.f.core.internal.command.DbMigrate - Current version of schema "public": 1.0.9
2026-03-20 09:13:45.454 [main] INFO  o.f.core.internal.command.DbMigrate - Schema "public" is up to date. No migration necessary.
2026-03-20 09:13:45.530 [main] INFO  o.h.jpa.internal.util.LogHelper - HHH000204: Processing PersistenceUnitInfo [name: default]
2026-03-20 09:13:45.576 [main] INFO  org.hibernate.Version - HHH000412: Hibernate ORM core version 6.3.1.Final
2026-03-20 09:13:45.602 [main] INFO  o.h.c.i.RegionFactoryInitiator - HHH000026: Second-level cache disabled
2026-03-20 09:13:45.756 [main] INFO  o.s.o.j.p.SpringPersistenceUnitInfo - No LoadTimeWeaver setup: ignoring JPA class transformer
2026-03-20 09:13:45.793 [main] WARN  org.hibernate.orm.deprecation - HHH90000025: PostgreSQLDialect does not need to be specified explicitly using 'hibernate.dialect' (remove the property setting and it will be selected by default)
2026-03-20 09:13:46.465 [main] INFO  o.h.e.t.j.p.i.JtaPlatformInitiator - HHH000489: No JTA platform available (set 'hibernate.transaction.jta.platform' to enable JTA platform integration)
2026-03-20 09:13:46.478 [main] INFO  o.hibernate.orm.connections.access - HHH10001501: Connection obtained from JdbcConnectionAccess [org.hibernate.engine.jdbc.env.internal.JdbcEnvironmentInitiator$ConnectionProviderJdbcConnectionAccess@5860e4c3] for (non-JTA) DDL execution was not in auto-commit mode; the Connection 'local transaction' will be committed and the Connection will be set into auto-commit mode.
2026-03-20 09:13:46.513 [main] INFO  o.s.o.j.LocalContainerEntityManagerFactoryBean - Initialized JPA EntityManagerFactory for persistence unit 'default'
2026-03-20 09:13:46.715 [main] INFO  o.s.d.j.r.query.QueryEnhancerFactory - Hibernate is in classpath; If applicable, HQL parser will be used.
2026-03-20 09:13:48.536 [main] INFO  o.s.b.a.e.web.EndpointLinksResolver - Exposing 3 endpoint(s) beneath base path '/actuator'
2026-03-20 09:13:48.618 [main] INFO  o.s.s.web.DefaultSecurityFilterChain - Will secure any request with [org.springframework.security.web.session.DisableEncodeUrlFilter@70bf8804, org.springframework.security.web.context.request.async.WebAsyncManagerIntegrationFilter@20834041, org.springframework.security.web.context.SecurityContextHolderFilter@43ebc9b5, org.springframework.security.web.header.HeaderWriterFilter@59b0d24d, org.springframework.web.filter.CorsFilter@481b7c3a, org.springframework.security.web.authentication.logout.LogoutFilter@68374279, org.springframework.security.oauth2.server.resource.web.authentication.BearerTokenAuthenticationFilter@55c38884, org.springframework.security.web.savedrequest.RequestCacheAwareFilter@d0e155c, org.springframework.security.web.servletapi.SecurityContextHolderAwareRequestFilter@62640933, org.springframework.security.web.authentication.AnonymousAuthenticationFilter@10958e5, org.springframework.security.web.session.SessionManagementFilter@68b4e651, org.springframework.security.web.access.ExceptionTranslationFilter@760a4916, org.springframework.security.web.access.intercept.AuthorizationFilter@3b0d4f43]
2026-03-20 09:13:49.160 [main] INFO  o.s.b.w.e.tomcat.TomcatWebServer - Tomcat started on port 8080 (http) with context path ''
2026-03-20 09:13:49.168 [main] INFO  com.td.web.TdWebApiApplication - Started TdWebApiApplication in 5.987 seconds (process running for 6.251)
2026-03-20 09:14:57.572 [http-nio-8080-exec-1] INFO  o.a.c.c.C.[Tomcat].[localhost].[/] - Initializing Spring DispatcherServlet 'dispatcherServlet'
2026-03-20 09:14:57.573 [http-nio-8080-exec-1] INFO  o.s.web.servlet.DispatcherServlet - Initializing Servlet 'dispatcherServlet'
2026-03-20 09:14:57.576 [http-nio-8080-exec-1] INFO  o.s.web.servlet.DispatcherServlet - Completed initialization in 3 ms
2026-03-20 09:14:57.669 [http-nio-8080-exec-1] WARN  o.s.w.s.h.HandlerMappingIntrospector - Cache miss for REQUEST dispatch to '/api/v1/danhmuc/CayCoCauToChuc' (previous null). Performing MatchableHandlerMapping lookup. This is logged once only at WARN level, and every time at TRACE.
2026-03-20 09:20:52.355 [main] INFO  com.td.web.TdWebApiApplication - Starting TdWebApiApplication using Java 25.0.1 with PID 9528 (D:\TD.WebAPI\td-webapi-java\td-web\target\classes started by Admin in D:\TD.WebAPI\td-webapi-java\td-web)
2026-03-20 09:20:52.356 [main] INFO  com.td.web.TdWebApiApplication - The following 1 profile is active: "dev"
2026-03-20 09:20:52.845 [main] INFO  o.s.d.r.c.RepositoryConfigurationDelegate - Multiple Spring Data modules found, entering strict repository configuration mode
2026-03-20 09:20:52.845 [main] INFO  o.s.d.r.c.RepositoryConfigurationDelegate - Bootstrapping Spring Data JPA repositories in DEFAULT mode.
2026-03-20 09:20:52.927 [main] INFO  o.s.d.r.c.RepositoryConfigurationDelegate - Finished Spring Data repository scanning in 77 ms. Found 8 JPA repository interfaces.
2026-03-20 09:20:53.186 [main] INFO  o.s.d.r.c.RepositoryConfigurationDelegate - Multiple Spring Data modules found, entering strict repository configuration mode
2026-03-20 09:20:53.186 [main] INFO  o.s.d.r.c.RepositoryConfigurationDelegate - Bootstrapping Spring Data Elasticsearch repositories in DEFAULT mode.
2026-03-20 09:20:53.193 [main] INFO  o.s.d.r.c.RepositoryConfigurationDelegate - Finished Spring Data repository scanning in 7 ms. Found 0 Elasticsearch repository interfaces.
2026-03-20 09:20:53.196 [main] INFO  o.s.d.r.c.RepositoryConfigurationDelegate - Multiple Spring Data modules found, entering strict repository configuration mode
2026-03-20 09:20:53.197 [main] INFO  o.s.d.r.c.RepositoryConfigurationDelegate - Bootstrapping Spring Data Reactive Elasticsearch repositories in DEFAULT mode.
2026-03-20 09:20:53.198 [main] INFO  o.s.d.r.c.RepositoryConfigurationDelegate - Finished Spring Data repository scanning in 1 ms. Found 0 Reactive Elasticsearch repository interfaces.
2026-03-20 09:20:53.206 [main] INFO  o.s.d.r.c.RepositoryConfigurationDelegate - Multiple Spring Data modules found, entering strict repository configuration mode
2026-03-20 09:20:53.206 [main] INFO  o.s.d.r.c.RepositoryConfigurationDelegate - Bootstrapping Spring Data Redis repositories in DEFAULT mode.
2026-03-20 09:20:53.212 [main] INFO  o.s.d.r.c.RepositoryConfigurationDelegate - Finished Spring Data repository scanning in 1 ms. Found 0 Redis repository interfaces.
2026-03-20 09:20:53.764 [main] INFO  o.s.b.w.e.tomcat.TomcatWebServer - Tomcat initialized with port 8080 (http)
2026-03-20 09:20:53.770 [main] INFO  o.a.catalina.core.StandardService - Starting service [Tomcat]
2026-03-20 09:20:53.771 [main] INFO  o.a.catalina.core.StandardEngine - Starting Servlet engine: [Apache Tomcat/10.1.16]
2026-03-20 09:20:53.816 [main] INFO  o.a.c.c.C.[Tomcat].[localhost].[/] - Initializing Spring embedded WebApplicationContext
2026-03-20 09:20:53.817 [main] INFO  o.s.b.w.s.c.ServletWebServerApplicationContext - Root WebApplicationContext: initialization completed in 1429 ms
2026-03-20 09:20:54.001 [main] INFO  com.zaxxer.hikari.HikariDataSource - HikariPool-1 - Starting...
2026-03-20 09:20:54.089 [main] INFO  com.zaxxer.hikari.pool.HikariPool - HikariPool-1 - Added connection org.postgresql.jdbc.PgConnection@11dbcb3b
2026-03-20 09:20:54.090 [main] INFO  com.zaxxer.hikari.HikariDataSource - HikariPool-1 - Start completed.
2026-03-20 09:20:54.135 [main] INFO  o.f.c.i.license.VersionPrinter - Flyway Community Edition 9.22.3 by Redgate
2026-03-20 09:20:54.136 [main] INFO  o.f.c.i.license.VersionPrinter - See release notes here: https://rd.gt/416ObMi
2026-03-20 09:20:54.136 [main] INFO  o.f.c.i.license.VersionPrinter - 
2026-03-20 09:20:54.145 [main] INFO  org.flywaydb.core.FlywayExecutor - Database: jdbc:postgresql://localhost:5432/tdwebapi (PostgreSQL 15.17)
2026-03-20 09:20:54.180 [main] INFO  o.f.core.internal.command.DbValidate - Successfully validated 9 migrations (execution time 00:00.019s)
2026-03-20 09:20:54.209 [main] INFO  o.f.core.internal.command.DbMigrate - Current version of schema "public": 1.0.9
2026-03-20 09:20:54.212 [main] INFO  o.f.core.internal.command.DbMigrate - Schema "public" is up to date. No migration necessary.
2026-03-20 09:20:54.282 [main] INFO  o.h.jpa.internal.util.LogHelper - HHH000204: Processing PersistenceUnitInfo [name: default]
2026-03-20 09:20:54.308 [main] INFO  org.hibernate.Version - HHH000412: Hibernate ORM core version 6.3.1.Final
2026-03-20 09:20:54.327 [main] INFO  o.h.c.i.RegionFactoryInitiator - HHH000026: Second-level cache disabled
2026-03-20 09:20:54.458 [main] INFO  o.s.o.j.p.SpringPersistenceUnitInfo - No LoadTimeWeaver setup: ignoring JPA class transformer
2026-03-20 09:20:54.484 [main] WARN  org.hibernate.orm.deprecation - HHH90000025: PostgreSQLDialect does not need to be specified explicitly using 'hibernate.dialect' (remove the property setting and it will be selected by default)
2026-03-20 09:20:55.043 [main] INFO  o.h.e.t.j.p.i.JtaPlatformInitiator - HHH000489: No JTA platform available (set 'hibernate.transaction.jta.platform' to enable JTA platform integration)
2026-03-20 09:20:55.055 [main] INFO  o.hibernate.orm.connections.access - HHH10001501: Connection obtained from JdbcConnectionAccess [org.hibernate.engine.jdbc.env.internal.JdbcEnvironmentInitiator$ConnectionProviderJdbcConnectionAccess@5629e904] for (non-JTA) DDL execution was not in auto-commit mode; the Connection 'local transaction' will be committed and the Connection will be set into auto-commit mode.
2026-03-20 09:20:55.084 [main] INFO  o.s.o.j.LocalContainerEntityManagerFactoryBean - Initialized JPA EntityManagerFactory for persistence unit 'default'
2026-03-20 09:20:55.274 [main] INFO  o.s.d.j.r.query.QueryEnhancerFactory - Hibernate is in classpath; If applicable, HQL parser will be used.
2026-03-20 09:20:56.951 [main] INFO  o.s.b.a.e.web.EndpointLinksResolver - Exposing 3 endpoint(s) beneath base path '/actuator'
2026-03-20 09:20:57.036 [main] INFO  o.s.s.web.DefaultSecurityFilterChain - Will secure any request with [org.springframework.security.web.session.DisableEncodeUrlFilter@3edb6fe, org.springframework.security.web.context.request.async.WebAsyncManagerIntegrationFilter@2f95f72a, org.springframework.security.web.context.SecurityContextHolderFilter@39b88618, org.springframework.security.web.header.HeaderWriterFilter@16641839, org.springframework.web.filter.CorsFilter@1d954c50, org.springframework.security.web.authentication.logout.LogoutFilter@1d243ebb, org.springframework.security.oauth2.server.resource.web.authentication.BearerTokenAuthenticationFilter@278427d, org.springframework.security.web.savedrequest.RequestCacheAwareFilter@3bbf850b, org.springframework.security.web.servletapi.SecurityContextHolderAwareRequestFilter@20d4fdff, org.springframework.security.web.authentication.AnonymousAuthenticationFilter@d8b2da6, org.springframework.security.web.session.SessionManagementFilter@56062720, org.springframework.security.web.access.ExceptionTranslationFilter@b1982c5, org.springframework.security.web.access.intercept.AuthorizationFilter@574c877e]
2026-03-20 09:20:57.576 [main] INFO  o.s.b.w.e.tomcat.TomcatWebServer - Tomcat started on port 8080 (http) with context path ''
2026-03-20 09:20:57.583 [main] INFO  com.td.web.TdWebApiApplication - Started TdWebApiApplication in 5.517 seconds (process running for 5.762)
2026-03-20 09:23:58.200 [http-nio-8080-exec-1] INFO  o.a.c.c.C.[Tomcat].[localhost].[/] - Initializing Spring DispatcherServlet 'dispatcherServlet'
2026-03-20 09:23:58.201 [http-nio-8080-exec-1] INFO  o.s.web.servlet.DispatcherServlet - Initializing Servlet 'dispatcherServlet'
2026-03-20 09:23:58.202 [http-nio-8080-exec-1] INFO  o.s.web.servlet.DispatcherServlet - Completed initialization in 1 ms
2026-03-20 09:23:58.226 [http-nio-8080-exec-1] WARN  o.s.w.s.h.HandlerMappingIntrospector - Cache miss for REQUEST dispatch to '/api/v1/danhmuc/CayCoCauToChuc' (previous null). Performing MatchableHandlerMapping lookup. This is logged once only at WARN level, and every time at TRACE.
2026-03-20 09:34:24.230 [main] INFO  com.td.web.TdWebApiApplication - Starting TdWebApiApplication using Java 25.0.1 with PID 34752 (D:\TD.WebAPI\td-webapi-java\td-web\target\classes started by Admin in D:\TD.WebAPI\td-webapi-java\td-web)
2026-03-20 09:34:24.231 [main] INFO  com.td.web.TdWebApiApplication - The following 1 profile is active: "dev"
2026-03-20 09:34:24.699 [main] INFO  o.s.d.r.c.RepositoryConfigurationDelegate - Multiple Spring Data modules found, entering strict repository configuration mode
2026-03-20 09:34:24.699 [main] INFO  o.s.d.r.c.RepositoryConfigurationDelegate - Bootstrapping Spring Data JPA repositories in DEFAULT mode.
2026-03-20 09:34:24.777 [main] INFO  o.s.d.r.c.RepositoryConfigurationDelegate - Finished Spring Data repository scanning in 73 ms. Found 8 JPA repository interfaces.
2026-03-20 09:34:25.024 [main] INFO  o.s.d.r.c.RepositoryConfigurationDelegate - Multiple Spring Data modules found, entering strict repository configuration mode
2026-03-20 09:34:25.025 [main] INFO  o.s.d.r.c.RepositoryConfigurationDelegate - Bootstrapping Spring Data Elasticsearch repositories in DEFAULT mode.
2026-03-20 09:34:25.032 [main] INFO  o.s.d.r.c.RepositoryConfigurationDelegate - Finished Spring Data repository scanning in 6 ms. Found 0 Elasticsearch repository interfaces.
2026-03-20 09:34:25.035 [main] INFO  o.s.d.r.c.RepositoryConfigurationDelegate - Multiple Spring Data modules found, entering strict repository configuration mode
2026-03-20 09:34:25.035 [main] INFO  o.s.d.r.c.RepositoryConfigurationDelegate - Bootstrapping Spring Data Reactive Elasticsearch repositories in DEFAULT mode.
2026-03-20 09:34:25.037 [main] INFO  o.s.d.r.c.RepositoryConfigurationDelegate - Finished Spring Data repository scanning in 0 ms. Found 0 Reactive Elasticsearch repository interfaces.
2026-03-20 09:34:25.043 [main] INFO  o.s.d.r.c.RepositoryConfigurationDelegate - Multiple Spring Data modules found, entering strict repository configuration mode
2026-03-20 09:34:25.045 [main] INFO  o.s.d.r.c.RepositoryConfigurationDelegate - Bootstrapping Spring Data Redis repositories in DEFAULT mode.
2026-03-20 09:34:25.051 [main] INFO  o.s.d.r.c.RepositoryConfigurationDelegate - Finished Spring Data repository scanning in 1 ms. Found 0 Redis repository interfaces.
2026-03-20 09:34:25.572 [main] INFO  o.s.b.w.e.tomcat.TomcatWebServer - Tomcat initialized with port 8080 (http)
2026-03-20 09:34:25.578 [main] INFO  o.a.catalina.core.StandardService - Starting service [Tomcat]
2026-03-20 09:34:25.579 [main] INFO  o.a.catalina.core.StandardEngine - Starting Servlet engine: [Apache Tomcat/10.1.16]
2026-03-20 09:34:25.622 [main] INFO  o.a.c.c.C.[Tomcat].[localhost].[/] - Initializing Spring embedded WebApplicationContext
2026-03-20 09:34:25.622 [main] INFO  o.s.b.w.s.c.ServletWebServerApplicationContext - Root WebApplicationContext: initialization completed in 1359 ms
2026-03-20 09:34:25.801 [main] INFO  com.zaxxer.hikari.HikariDataSource - HikariPool-1 - Starting...
2026-03-20 09:34:25.890 [main] INFO  com.zaxxer.hikari.pool.HikariPool - HikariPool-1 - Added connection org.postgresql.jdbc.PgConnection@1f547af8
2026-03-20 09:34:25.891 [main] INFO  com.zaxxer.hikari.HikariDataSource - HikariPool-1 - Start completed.
2026-03-20 09:34:25.936 [main] INFO  o.f.c.i.license.VersionPrinter - Flyway Community Edition 9.22.3 by Redgate
2026-03-20 09:34:25.936 [main] INFO  o.f.c.i.license.VersionPrinter - See release notes here: https://rd.gt/416ObMi
2026-03-20 09:34:25.937 [main] INFO  o.f.c.i.license.VersionPrinter - 
2026-03-20 09:34:25.947 [main] INFO  org.flywaydb.core.FlywayExecutor - Database: jdbc:postgresql://localhost:5432/tdwebapi (PostgreSQL 15.17)
2026-03-20 09:34:25.980 [main] INFO  o.f.core.internal.command.DbValidate - Successfully validated 9 migrations (execution time 00:00.018s)
2026-03-20 09:34:26.008 [main] INFO  o.f.core.internal.command.DbMigrate - Current version of schema "public": 1.0.9
2026-03-20 09:34:26.011 [main] INFO  o.f.core.internal.command.DbMigrate - Schema "public" is up to date. No migration necessary.
2026-03-20 09:34:26.084 [main] INFO  o.h.jpa.internal.util.LogHelper - HHH000204: Processing PersistenceUnitInfo [name: default]
2026-03-20 09:34:26.111 [main] INFO  org.hibernate.Version - HHH000412: Hibernate ORM core version 6.3.1.Final
2026-03-20 09:34:26.129 [main] INFO  o.h.c.i.RegionFactoryInitiator - HHH000026: Second-level cache disabled
2026-03-20 09:34:26.258 [main] INFO  o.s.o.j.p.SpringPersistenceUnitInfo - No LoadTimeWeaver setup: ignoring JPA class transformer
2026-03-20 09:34:26.286 [main] WARN  org.hibernate.orm.deprecation - HHH90000025: PostgreSQLDialect does not need to be specified explicitly using 'hibernate.dialect' (remove the property setting and it will be selected by default)
2026-03-20 09:34:26.821 [main] INFO  o.h.e.t.j.p.i.JtaPlatformInitiator - HHH000489: No JTA platform available (set 'hibernate.transaction.jta.platform' to enable JTA platform integration)
2026-03-20 09:34:26.834 [main] INFO  o.hibernate.orm.connections.access - HHH10001501: Connection obtained from JdbcConnectionAccess [org.hibernate.engine.jdbc.env.internal.JdbcEnvironmentInitiator$ConnectionProviderJdbcConnectionAccess@148c571c] for (non-JTA) DDL execution was not in auto-commit mode; the Connection 'local transaction' will be committed and the Connection will be set into auto-commit mode.
2026-03-20 09:34:26.862 [main] INFO  o.s.o.j.LocalContainerEntityManagerFactoryBean - Initialized JPA EntityManagerFactory for persistence unit 'default'
2026-03-20 09:34:27.058 [main] INFO  o.s.d.j.r.query.QueryEnhancerFactory - Hibernate is in classpath; If applicable, HQL parser will be used.
2026-03-20 09:34:28.703 [main] INFO  o.s.b.a.e.web.EndpointLinksResolver - Exposing 3 endpoint(s) beneath base path '/actuator'
2026-03-20 09:34:28.782 [main] INFO  o.s.s.web.DefaultSecurityFilterChain - Will secure any request with [org.springframework.security.web.session.DisableEncodeUrlFilter@1c18d0d7, org.springframework.security.web.context.request.async.WebAsyncManagerIntegrationFilter@574c877e, org.springframework.security.web.context.SecurityContextHolderFilter@3aa02b54, org.springframework.security.web.header.HeaderWriterFilter@234cfd94, org.springframework.web.filter.CorsFilter@7eccee80, org.springframework.security.web.authentication.logout.LogoutFilter@5a318de1, org.springframework.security.oauth2.server.resource.web.authentication.BearerTokenAuthenticationFilter@32f17e62, org.springframework.security.web.savedrequest.RequestCacheAwareFilter@52214284, org.springframework.security.web.servletapi.SecurityContextHolderAwareRequestFilter@40c23fab, org.springframework.security.web.authentication.AnonymousAuthenticationFilter@7c7afce7, org.springframework.security.web.session.SessionManagementFilter@3f096fa1, org.springframework.security.web.access.ExceptionTranslationFilter@7a397f0f, org.springframework.security.web.access.intercept.AuthorizationFilter@4c18545]
2026-03-20 09:34:29.385 [main] INFO  o.s.b.w.e.tomcat.TomcatWebServer - Tomcat started on port 8080 (http) with context path ''
2026-03-20 09:34:29.392 [main] INFO  com.td.web.TdWebApiApplication - Started TdWebApiApplication in 5.452 seconds (process running for 5.695)
2026-03-20 09:34:31.398 [http-nio-8080-exec-1] INFO  o.a.c.c.C.[Tomcat].[localhost].[/] - Initializing Spring DispatcherServlet 'dispatcherServlet'
2026-03-20 09:34:31.399 [http-nio-8080-exec-1] INFO  o.s.web.servlet.DispatcherServlet - Initializing Servlet 'dispatcherServlet'
2026-03-20 09:34:31.400 [http-nio-8080-exec-1] INFO  o.s.web.servlet.DispatcherServlet - Completed initialization in 1 ms
2026-03-20 09:34:31.420 [http-nio-8080-exec-1] WARN  o.s.w.s.h.HandlerMappingIntrospector - Cache miss for REQUEST dispatch to '/swagger-custom/index.html' (previous null). Performing MatchableHandlerMapping lookup. This is logged once only at WARN level, and every time at TRACE.
2026-03-20 09:34:33.998 [http-nio-8080-exec-3] INFO  o.s.api.AbstractOpenApiResource - Init duration for springdoc-openapi is: 408 ms
